# JRE version: Java(TM) SE Runtime Environment (7.0_71-b14) (build 1.7.0_71-b14)
# Java VM: Java HotSpot(TM) 64-Bit Server VM (24.71-b01 mixed mode linux-amd64 compressed oops)
Heap
 PSYoungGen      total 571392K, used 332959K [0x00000007d6f00000, 0x0000000800000000, 0x0000000800000000)
  eden space 470016K, 49% used [0x00000007d6f00000,0x00000007e5129520,0x00000007f3a00000)
  from space 101376K, 99% used [0x00000007f3a00000,0x00000007f9cfe770,0x00000007f9d00000)
  to   space 101376K, 0% used [0x00000007f9d00000,0x00000007f9d00000,0x0000000800000000)
 ParOldGen       total 206336K, used 127558K [0x0000000784e00000, 0x0000000791780000, 0x00000007d6f00000)
  object space 206336K, 61% used [0x0000000784e00000,0x000000078ca919b8,0x0000000791780000)
 PSPermGen       total 68608K, used 42991K [0x000000077fc00000, 0x0000000783f00000, 0x0000000784e00000)
  object space 68608K, 62% used [0x000000077fc00000,0x00000007825fbed8,0x0000000783f00000)
GC Heap History (10 events):
Event: 17.608 GC heap before
{Heap before GC invocations=13 (full 1):
 PSYoungGen      total 416256K, used 416249K [0x00000007d6f00000, 0x00000007fc680000, 0x0000000800000000)
  eden space 351232K, 100% used [0x00000007d6f00000,0x00000007ec600000,0x00000007ec600000)
  from space 65024K, 99% used [0x00000007ec600000,0x00000007f057e6c8,0x00000007f0580000)
  to   space 83456K, 0% used [0x00000007f7500000,0x00000007f7500000,0x00000007fc680000)
 ParOldGen       total 152576K, used 100826K [0x0000000784e00000, 0x000000078e300000, 0x00000007d6f00000)
  object space 152576K, 66% used [0x0000000784e00000,0x000000078b076998,0x000000078e300000)
 PSPermGen       total 48640K, used 40952K [0x000000077fc00000, 0x0000000782b80000, 0x0000000784e00000)
  object space 48640K, 84% used [0x000000077fc00000,0x00000007823fe208,0x0000000782b80000)
Event: 17.657 GC heap after
Heap after GC invocations=13 (full 1):
 PSYoungGen      total 531456K, used 41878K [0x00000007d6f00000, 0x00000007fe280000, 0x0000000800000000)
  eden space 448000K, 0% used [0x00000007d6f00000,0x00000007d6f00000,0x00000007f2480000)
  from space 83456K, 50% used [0x00000007f7500000,0x00000007f9de5828,0x00000007fc680000)
  to   space 82432K, 0% used [0x00000007f2480000,0x00000007f2480000,0x00000007f7500000)
 ParOldGen       total 152576K, used 104145K [0x0000000784e00000, 0x000000078e300000, 0x00000007d6f00000)
  object space 152576K, 68% used [0x0000000784e00000,0x000000078b3b44c8,0x000000078e300000)
 PSPermGen       total 48640K, used 40952K [0x000000077fc00000, 0x0000000782b80000, 0x0000000784e00000)
  object space 48640K, 84% used [0x000000077fc00000,0x00000007823fe208,0x0000000782b80000)
}
Event: 3863.625 GC heap before
{Heap before GC invocations=14 (full 1):
 PSYoungGen      total 531456K, used 489878K [0x00000007d6f00000, 0x00000007fe280000, 0x0000000800000000)
  eden space 448000K, 100% used [0x00000007d6f00000,0x00000007f2480000,0x00000007f2480000)
  from space 83456K, 50% used [0x00000007f7500000,0x00000007f9de5828,0x00000007fc680000)
  to   space 82432K, 0% used [0x00000007f2480000,0x00000007f2480000,0x00000007f7500000)
 ParOldGen       total 152576K, used 104145K [0x0000000784e00000, 0x000000078e300000, 0x00000007d6f00000)
  object space 152576K, 68% used [0x0000000784e00000,0x000000078b3b44c8,0x000000078e300000)
 PSPermGen       total 48640K, used 42881K [0x000000077fc00000, 0x0000000782b80000, 0x0000000784e00000)
  object space 48640K, 88% used [0x000000077fc00000,0x00000007825e07c0,0x0000000782b80000)
Event: 3863.652 GC heap after
Heap after GC invocations=14 (full 1):
 PSYoungGen      total 530432K, used 8308K [0x00000007d6f00000, 0x00000007ffd00000, 0x0000000800000000)
  eden space 448000K, 0% used [0x00000007d6f00000,0x00000007d6f00000,0x00000007f2480000)
  from space 82432K, 10% used [0x00000007f2480000,0x00000007f2c9d198,0x00000007f7500000)
  to   space 81408K, 0% used [0x00000007fad80000,0x00000007fad80000,0x00000007ffd00000)
 ParOldGen       total 152576K, used 112422K [0x0000000784e00000, 0x000000078e300000, 0x00000007d6f00000)
  object space 152576K, 73% used [0x0000000784e00000,0x000000078bbc9a58,0x000000078e300000)
 PSPermGen       total 48640K, used 42881K [0x000000077fc00000, 0x0000000782b80000, 0x0000000784e00000)
  object space 48640K, 88% used [0x000000077fc00000,0x00000007825e07c0,0x0000000782b80000)
}
Event: 4831.463 GC heap before
{Heap before GC invocations=15 (full 1):
 PSYoungGen      total 530432K, used 456308K [0x00000007d6f00000, 0x00000007ffd00000, 0x0000000800000000)
  eden space 448000K, 100% used [0x00000007d6f00000,0x00000007f2480000,0x00000007f2480000)
  from space 82432K, 10% used [0x00000007f2480000,0x00000007f2c9d198,0x00000007f7500000)
  to   space 81408K, 0% used [0x00000007fad80000,0x00000007fad80000,0x00000007ffd00000)
 ParOldGen       total 152576K, used 112422K [0x0000000784e00000, 0x000000078e300000, 0x00000007d6f00000)
  object space 152576K, 73% used [0x0000000784e00000,0x000000078bbc9a58,0x000000078e300000)
 PSPermGen       total 48640K, used 43000K [0x000000077fc00000, 0x0000000782b80000, 0x0000000784e00000)
  object space 48640K, 88% used [0x000000077fc00000,0x00000007825fe238,0x0000000782b80000)
Event: 4831.666 GC heap after
Heap after GC invocations=15 (full 1):
 PSYoungGen      total 551424K, used 81403K [0x00000007d6f00000, 0x0000000800000000, 0x0000000800000000)
  eden space 470016K, 0% used [0x00000007d6f00000,0x00000007d6f00000,0x00000007f3a00000)
  from space 81408K, 99% used [0x00000007fad80000,0x00000007ffcfef68,0x00000007ffd00000)
  to   space 101376K, 0% used [0x00000007f3a00000,0x00000007f3a00000,0x00000007f9d00000)
 ParOldGen       total 152576K, used 128682K [0x0000000784e00000, 0x000000078e300000, 0x00000007d6f00000)
  object space 152576K, 84% used [0x0000000784e00000,0x000000078cbaa9a0,0x000000078e300000)
 PSPermGen       total 48640K, used 43000K [0x000000077fc00000, 0x0000000782b80000, 0x0000000784e00000)
  object space 48640K, 88% used [0x000000077fc00000,0x00000007825fe238,0x0000000782b80000)
}
Event: 4831.666 GC heap before
{Heap before GC invocations=16 (full 2):
 PSYoungGen      total 551424K, used 81403K [0x00000007d6f00000, 0x0000000800000000, 0x0000000800000000)
  eden space 470016K, 0% used [0x00000007d6f00000,0x00000007d6f00000,0x00000007f3a00000)
  from space 81408K, 99% used [0x00000007fad80000,0x00000007ffcfef68,0x00000007ffd00000)
  to   space 101376K, 0% used [0x00000007f3a00000,0x00000007f3a00000,0x00000007f9d00000)
 ParOldGen       total 152576K, used 128682K [0x0000000784e00000, 0x000000078e300000, 0x00000007d6f00000)
  object space 152576K, 84% used [0x0000000784e00000,0x000000078cbaa9a0,0x000000078e300000)
 PSPermGen       total 48640K, used 43000K [0x000000077fc00000, 0x0000000782b80000, 0x0000000784e00000)
  object space 48640K, 88% used [0x000000077fc00000,0x00000007825fe238,0x0000000782b80000)
Event: 4832.361 GC heap after
Heap after GC invocations=16 (full 2):
 PSYoungGen      total 551424K, used 0K [0x00000007d6f00000, 0x0000000800000000, 0x0000000800000000)
  eden space 470016K, 0% used [0x00000007d6f00000,0x00000007d6f00000,0x00000007f3a00000)
  from space 81408K, 0% used [0x00000007fad80000,0x00000007fad80000,0x00000007ffd00000)
  to   space 101376K, 0% used [0x00000007f3a00000,0x00000007f3a00000,0x00000007f9d00000)
 ParOldGen       total 206336K, used 117038K [0x0000000784e00000, 0x0000000791780000, 0x00000007d6f00000)
  object space 206336K, 56% used [0x0000000784e00000,0x000000078c04b890,0x0000000791780000)
 PSPermGen       total 68608K, used 42812K [0x000000077fc00000, 0x0000000783f00000, 0x0000000784e00000)
  object space 68608K, 62% used [0x000000077fc00000,0x00000007825cf0a0,0x0000000783f00000)
}
Event: 4834.629 GC heap before
{Heap before GC invocations=17 (full 2):
 PSYoungGen      total 551424K, used 470016K [0x00000007d6f00000, 0x0000000800000000, 0x0000000800000000)
  eden space 470016K, 100% used [0x00000007d6f00000,0x00000007f3a00000,0x00000007f3a00000)
  from space 81408K, 0% used [0x00000007fad80000,0x00000007fad80000,0x00000007ffd00000)
  to   space 101376K, 0% used [0x00000007f3a00000,0x00000007f3a00000,0x00000007f9d00000)
 ParOldGen       total 206336K, used 117047K [0x0000000784e00000, 0x0000000791780000, 0x00000007d6f00000)
  object space 206336K, 56% used [0x0000000784e00000,0x000000078c04dd00,0x0000000791780000)
 PSPermGen       total 68608K, used 42842K [0x000000077fc00000, 0x0000000783f00000, 0x0000000784e00000)
  object space 68608K, 62% used [0x000000077fc00000,0x00000007825d6880,0x0000000783f00000)
Event: 4834.854 GC heap after
Heap after GC invocations=17 (full 2):
 PSYoungGen      total 571392K, used 101369K [0x00000007d6f00000, 0x0000000800000000, 0x0000000800000000)
  eden space 470016K, 0% used [0x00000007d6f00000,0x00000007d6f00000,0x00000007f3a00000)
  from space 101376K, 99% used [0x00000007f3a00000,0x00000007f9cfe770,0x00000007f9d00000)
  to   space 101376K, 0% used [0x00000007f9d00000,0x00000007f9d00000,0x0000000800000000)
 ParOldGen       total 206336K, used 127558K [0x0000000784e00000, 0x0000000791780000, 0x00000007d6f00000)
  object space 206336K, 61% used [0x0000000784e00000,0x000000078ca919b8,0x0000000791780000)
 PSPermGen       total 68608K, used 42842K [0x000000077fc00000, 0x0000000783f00000, 0x0000000784e00000)
  object space 68608K, 62% used [0x000000077fc00000,0x00000007825d6880,0x0000000783f00000)
}

