# JRE version: Java(TM) SE Runtime Environment (7.0_71-b14) (build 1.7.0_71-b14)
# Java VM: Java HotSpot(TM) 64-Bit Server VM (24.71-b01 mixed mode linux-amd64 compressed oops)
Heap
 PSYoungGen      total 562176K, used 200922K [0x00000007d6f00000, 0x0000000800000000, 0x0000000800000000)
  eden space 451584K, 20% used [0x00000007d6f00000,0x00000007dc7386f8,0x00000007f2800000)
  from space 110592K, 99% used [0x00000007f2800000,0x00000007f93fe4f0,0x00000007f9400000)
  to   space 110592K, 0% used [0x00000007f9400000,0x00000007f9400000,0x0000000800000000)
 ParOldGen       total 242688K, used 155087K [0x0000000784e00000, 0x0000000793b00000, 0x00000007d6f00000)
  object space 242688K, 63% used [0x0000000784e00000,0x000000078e573f68,0x0000000793b00000)
 PSPermGen       total 70656K, used 45524K [0x000000077fc00000, 0x0000000784100000, 0x0000000784e00000)
  object space 70656K, 64% used [0x000000077fc00000,0x0000000782875380,0x0000000784100000)
GC Heap History (10 events):
Event: 16.744 GC heap before
{Heap before GC invocations=13 (full 1):
 PSYoungGen      total 414208K, used 414178K [0x00000007d6f00000, 0x00000007fd500000, 0x0000000800000000)
  eden space 350208K, 100% used [0x00000007d6f00000,0x00000007ec500000,0x00000007ec500000)
  from space 64000K, 99% used [0x00000007ec500000,0x00000007f0378a28,0x00000007f0380000)
  to   space 82944K, 0% used [0x00000007f8400000,0x00000007f8400000,0x00000007fd500000)
 ParOldGen       total 150528K, used 101928K [0x0000000784e00000, 0x000000078e100000, 0x00000007d6f00000)
  object space 150528K, 67% used [0x0000000784e00000,0x000000078b18a010,0x000000078e100000)
 PSPermGen       total 48640K, used 40851K [0x000000077fc00000, 0x0000000782b80000, 0x0000000784e00000)
  object space 48640K, 83% used [0x000000077fc00000,0x00000007823e4ec8,0x0000000782b80000)
Event: 16.793 GC heap after
Heap after GC invocations=13 (full 1):
 PSYoungGen      total 546816K, used 41902K [0x00000007d6f00000, 0x00000007fed00000, 0x0000000800000000)
  eden space 463872K, 0% used [0x00000007d6f00000,0x00000007d6f00000,0x00000007f3400000)
  from space 82944K, 50% used [0x00000007f8400000,0x00000007faceb988,0x00000007fd500000)
  to   space 81920K, 0% used [0x00000007f3400000,0x00000007f3400000,0x00000007f8400000)
 ParOldGen       total 150528K, used 105224K [0x0000000784e00000, 0x000000078e100000, 0x00000007d6f00000)
  object space 150528K, 69% used [0x0000000784e00000,0x000000078b4c2110,0x000000078e100000)
 PSPermGen       total 48640K, used 40851K [0x000000077fc00000, 0x0000000782b80000, 0x0000000784e00000)
  object space 48640K, 83% used [0x000000077fc00000,0x00000007823e4ec8,0x0000000782b80000)
}
Event: 2480.919 GC heap before
{Heap before GC invocations=14 (full 1):
 PSYoungGen      total 546816K, used 505774K [0x00000007d6f00000, 0x00000007fed00000, 0x0000000800000000)
  eden space 463872K, 100% used [0x00000007d6f00000,0x00000007f3400000,0x00000007f3400000)
  from space 82944K, 50% used [0x00000007f8400000,0x00000007faceb988,0x00000007fd500000)
  to   space 81920K, 0% used [0x00000007f3400000,0x00000007f3400000,0x00000007f8400000)
 ParOldGen       total 150528K, used 105273K [0x0000000784e00000, 0x000000078e100000, 0x00000007d6f00000)
  object space 150528K, 69% used [0x0000000784e00000,0x000000078b4ce5d8,0x000000078e100000)
 PSPermGen       total 48640K, used 45537K [0x000000077fc00000, 0x0000000782b80000, 0x0000000784e00000)
  object space 48640K, 93% used [0x000000077fc00000,0x0000000782878770,0x0000000782b80000)
Event: 2480.984 GC heap after
Heap after GC invocations=14 (full 1):
 PSYoungGen      total 545792K, used 19561K [0x00000007d6f00000, 0x00000007ff900000, 0x0000000800000000)
  eden space 463872K, 0% used [0x00000007d6f00000,0x00000007d6f00000,0x00000007f3400000)
  from space 81920K, 23% used [0x00000007f3400000,0x00000007f471a610,0x00000007f8400000)
  to   space 78848K, 0% used [0x00000007fac00000,0x00000007fac00000,0x00000007ff900000)
 ParOldGen       total 150528K, used 112536K [0x0000000784e00000, 0x000000078e100000, 0x00000007d6f00000)
  object space 150528K, 74% used [0x0000000784e00000,0x000000078bbe6300,0x000000078e100000)
 PSPermGen       total 48640K, used 45537K [0x000000077fc00000, 0x0000000782b80000, 0x0000000784e00000)
  object space 48640K, 93% used [0x000000077fc00000,0x0000000782878770,0x0000000782b80000)
}
Event: 2482.826 GC heap before
{Heap before GC invocations=15 (full 1):
 PSYoungGen      total 545792K, used 483433K [0x00000007d6f00000, 0x00000007ff900000, 0x0000000800000000)
  eden space 463872K, 100% used [0x00000007d6f00000,0x00000007f3400000,0x00000007f3400000)
  from space 81920K, 23% used [0x00000007f3400000,0x00000007f471a610,0x00000007f8400000)
  to   space 78848K, 0% used [0x00000007fac00000,0x00000007fac00000,0x00000007ff900000)
 ParOldGen       total 150528K, used 112541K [0x0000000784e00000, 0x000000078e100000, 0x00000007d6f00000)
  object space 150528K, 74% used [0x0000000784e00000,0x000000078bbe7638,0x000000078e100000)
 PSPermGen       total 48640K, used 45542K [0x000000077fc00000, 0x0000000782b80000, 0x0000000784e00000)
  object space 48640K, 93% used [0x000000077fc00000,0x0000000782879a90,0x0000000782b80000)
Event: 2483.097 GC heap after
Heap after GC invocations=15 (full 1):
 PSYoungGen      total 530432K, used 78845K [0x00000007d6f00000, 0x0000000800000000, 0x0000000800000000)
  eden space 451584K, 0% used [0x00000007d6f00000,0x00000007d6f00000,0x00000007f2800000)
  from space 78848K, 99% used [0x00000007fac00000,0x00000007ff8ff5a8,0x00000007ff900000)
  to   space 110592K, 0% used [0x00000007f2800000,0x00000007f2800000,0x00000007f9400000)
 ParOldGen       total 162304K, used 162179K [0x0000000784e00000, 0x000000078ec80000, 0x00000007d6f00000)
  object space 162304K, 99% used [0x0000000784e00000,0x000000078ec60d38,0x000000078ec80000)
 PSPermGen       total 48640K, used 45542K [0x000000077fc00000, 0x0000000782b80000, 0x0000000784e00000)
  object space 48640K, 93% used [0x000000077fc00000,0x0000000782879a90,0x0000000782b80000)
}
Event: 2483.097 GC heap before
{Heap before GC invocations=16 (full 2):
 PSYoungGen      total 530432K, used 78845K [0x00000007d6f00000, 0x0000000800000000, 0x0000000800000000)
  eden space 451584K, 0% used [0x00000007d6f00000,0x00000007d6f00000,0x00000007f2800000)
  from space 78848K, 99% used [0x00000007fac00000,0x00000007ff8ff5a8,0x00000007ff900000)
  to   space 110592K, 0% used [0x00000007f2800000,0x00000007f2800000,0x00000007f9400000)
 ParOldGen       total 162304K, used 162179K [0x0000000784e00000, 0x000000078ec80000, 0x00000007d6f00000)
  object space 162304K, 99% used [0x0000000784e00000,0x000000078ec60d38,0x000000078ec80000)
 PSPermGen       total 48640K, used 45542K [0x000000077fc00000, 0x0000000782b80000, 0x0000000784e00000)
  object space 48640K, 93% used [0x000000077fc00000,0x0000000782879a90,0x0000000782b80000)
Event: 2483.933 GC heap after
Heap after GC invocations=16 (full 2):
 PSYoungGen      total 530432K, used 0K [0x00000007d6f00000, 0x0000000800000000, 0x0000000800000000)
  eden space 451584K, 0% used [0x00000007d6f00000,0x00000007d6f00000,0x00000007f2800000)
  from space 78848K, 0% used [0x00000007fac00000,0x00000007fac00000,0x00000007ff900000)
  to   space 110592K, 0% used [0x00000007f2800000,0x00000007f2800000,0x00000007f9400000)
 ParOldGen       total 242688K, used 149149K [0x0000000784e00000, 0x0000000793b00000, 0x00000007d6f00000)
  object space 242688K, 61% used [0x0000000784e00000,0x000000078dfa7630,0x0000000793b00000)
 PSPermGen       total 70656K, used 45346K [0x000000077fc00000, 0x0000000784100000, 0x0000000784e00000)
  object space 70656K, 64% used [0x000000077fc00000,0x00000007828488b8,0x0000000784100000)
}
Event: 2487.426 GC heap before
{Heap before GC invocations=17 (full 2):
 PSYoungGen      total 530432K, used 451584K [0x00000007d6f00000, 0x0000000800000000, 0x0000000800000000)
  eden space 451584K, 100% used [0x00000007d6f00000,0x00000007f2800000,0x00000007f2800000)
  from space 78848K, 0% used [0x00000007fac00000,0x00000007fac00000,0x00000007ff900000)
  to   space 110592K, 0% used [0x00000007f2800000,0x00000007f2800000,0x00000007f9400000)
 ParOldGen       total 242688K, used 149157K [0x0000000784e00000, 0x0000000793b00000, 0x00000007d6f00000)
  object space 242688K, 61% used [0x0000000784e00000,0x000000078dfa97c0,0x0000000793b00000)
 PSPermGen       total 70656K, used 45366K [0x000000077fc00000, 0x0000000784100000, 0x0000000784e00000)
  object space 70656K, 64% used [0x000000077fc00000,0x000000078284d830,0x0000000784100000)
Event: 2487.675 GC heap after
Heap after GC invocations=17 (full 2):
 PSYoungGen      total 562176K, used 110585K [0x00000007d6f00000, 0x0000000800000000, 0x0000000800000000)
  eden space 451584K, 0% used [0x00000007d6f00000,0x00000007d6f00000,0x00000007f2800000)
  from space 110592K, 99% used [0x00000007f2800000,0x00000007f93fe4f0,0x00000007f9400000)
  to   space 110592K, 0% used [0x00000007f9400000,0x00000007f9400000,0x0000000800000000)
 ParOldGen       total 242688K, used 155087K [0x0000000784e00000, 0x0000000793b00000, 0x00000007d6f00000)
  object space 242688K, 63% used [0x0000000784e00000,0x000000078e573f68,0x0000000793b00000)
 PSPermGen       total 70656K, used 45366K [0x000000077fc00000, 0x0000000784100000, 0x0000000784e00000)
  object space 70656K, 64% used [0x000000077fc00000,0x000000078284d830,0x0000000784100000)
}

