# JRE version: Java(TM) SE Runtime Environment (7.0_71-b14) (build 1.7.0_71-b14)
# Java VM: Java HotSpot(TM) 64-Bit Server VM (24.71-b01 mixed mode linux-amd64 compressed oops)
Heap
 PSYoungGen      total 538624K, used 399411K [0x00000007d6f00000, 0x0000000800000000, 0x0000000800000000)
  eden space 457728K, 87% used [0x00000007d6f00000,0x00000007ef50cd48,0x00000007f2e00000)
  from space 80896K, 0% used [0x00000007fb100000,0x00000007fb100000,0x0000000800000000)
  to   space 107520K, 0% used [0x00000007f2e00000,0x00000007f2e00000,0x00000007f9700000)
 ParOldGen       total 233984K, used 143264K [0x0000000784e00000, 0x0000000793280000, 0x00000007d6f00000)
  object space 233984K, 61% used [0x0000000784e00000,0x000000078d9e8210,0x0000000793280000)
 PSPermGen       total 70656K, used 45641K [0x000000077fc00000, 0x0000000784100000, 0x0000000784e00000)
  object space 70656K, 64% used [0x000000077fc00000,0x0000000782892470,0x0000000784100000)
GC Heap History (10 events):
Event: 11.826 GC heap before
{Heap before GC invocations=12 (full 1):
 PSYoungGen      total 378880K, used 378849K [0x00000007d6f00000, 0x00000007f4600000, 0x0000000800000000)
  eden space 324096K, 100% used [0x00000007d6f00000,0x00000007eab80000,0x00000007eab80000)
  from space 54784K, 99% used [0x00000007f1080000,0x00000007f45f8470,0x00000007f4600000)
  to   space 64512K, 0% used [0x00000007ec800000,0x00000007ec800000,0x00000007f0700000)
 ParOldGen       total 149504K, used 81053K [0x0000000784e00000, 0x000000078e000000, 0x00000007d6f00000)
  object space 149504K, 54% used [0x0000000784e00000,0x0000000789d276c0,0x000000078e000000)
 PSPermGen       total 48640K, used 24220K [0x000000077fc00000, 0x0000000782b80000, 0x0000000784e00000)
  object space 48640K, 49% used [0x000000077fc00000,0x00000007813a72e8,0x0000000782b80000)
Event: 11.918 GC heap after
Heap after GC invocations=12 (full 1):
 PSYoungGen      total 417792K, used 64505K [0x00000007d6f00000, 0x00000007fc900000, 0x0000000800000000)
  eden space 353280K, 0% used [0x00000007d6f00000,0x00000007d6f00000,0x00000007ec800000)
  from space 64512K, 99% used [0x00000007ec800000,0x00000007f06fe650,0x00000007f0700000)
  to   space 83456K, 0% used [0x00000007f7780000,0x00000007f7780000,0x00000007fc900000)
 ParOldGen       total 149504K, used 102506K [0x0000000784e00000, 0x000000078e000000, 0x00000007d6f00000)
  object space 149504K, 68% used [0x0000000784e00000,0x000000078b21a8a0,0x000000078e000000)
 PSPermGen       total 48640K, used 24220K [0x000000077fc00000, 0x0000000782b80000, 0x0000000784e00000)
  object space 48640K, 49% used [0x000000077fc00000,0x00000007813a72e8,0x0000000782b80000)
}
Event: 17.972 GC heap before
{Heap before GC invocations=13 (full 1):
 PSYoungGen      total 417792K, used 417785K [0x00000007d6f00000, 0x00000007fc900000, 0x0000000800000000)
  eden space 353280K, 100% used [0x00000007d6f00000,0x00000007ec800000,0x00000007ec800000)
  from space 64512K, 99% used [0x00000007ec800000,0x00000007f06fe650,0x00000007f0700000)
  to   space 83456K, 0% used [0x00000007f7780000,0x00000007f7780000,0x00000007fc900000)
 ParOldGen       total 149504K, used 102506K [0x0000000784e00000, 0x000000078e000000, 0x00000007d6f00000)
  object space 149504K, 68% used [0x0000000784e00000,0x000000078b21a8a0,0x000000078e000000)
 PSPermGen       total 48640K, used 40015K [0x000000077fc00000, 0x0000000782b80000, 0x0000000784e00000)
  object space 48640K, 82% used [0x000000077fc00000,0x0000000782313c18,0x0000000782b80000)
Event: 18.013 GC heap after
Heap after GC invocations=13 (full 1):
 PSYoungGen      total 538112K, used 29381K [0x00000007d6f00000, 0x00000007fda00000, 0x0000000800000000)
  eden space 454656K, 0% used [0x00000007d6f00000,0x00000007d6f00000,0x00000007f2b00000)
  from space 83456K, 35% used [0x00000007f7780000,0x00000007f9431450,0x00000007fc900000)
  to   space 78336K, 0% used [0x00000007f2b00000,0x00000007f2b00000,0x00000007f7780000)
 ParOldGen       total 149504K, used 106970K [0x0000000784e00000, 0x000000078e000000, 0x00000007d6f00000)
  object space 149504K, 71% used [0x0000000784e00000,0x000000078b6769a0,0x000000078e000000)
 PSPermGen       total 48640K, used 40015K [0x000000077fc00000, 0x0000000782b80000, 0x0000000784e00000)
  object space 48640K, 82% used [0x000000077fc00000,0x0000000782313c18,0x0000000782b80000)
}
Event: 1722.695 GC heap before
{Heap before GC invocations=14 (full 1):
 PSYoungGen      total 538112K, used 484037K [0x00000007d6f00000, 0x00000007fda00000, 0x0000000800000000)
  eden space 454656K, 100% used [0x00000007d6f00000,0x00000007f2b00000,0x00000007f2b00000)
  from space 83456K, 35% used [0x00000007f7780000,0x00000007f9431450,0x00000007fc900000)
  to   space 78336K, 0% used [0x00000007f2b00000,0x00000007f2b00000,0x00000007f7780000)
 ParOldGen       total 149504K, used 107119K [0x0000000784e00000, 0x000000078e000000, 0x00000007d6f00000)
  object space 149504K, 71% used [0x0000000784e00000,0x000000078b69bd10,0x000000078e000000)
 PSPermGen       total 48640K, used 45487K [0x000000077fc00000, 0x0000000782b80000, 0x0000000784e00000)
  object space 48640K, 93% used [0x000000077fc00000,0x000000078286bc00,0x0000000782b80000)
Event: 1723.020 GC heap after
Heap after GC invocations=14 (full 1):
 PSYoungGen      total 532992K, used 49777K [0x00000007d6f00000, 0x0000000800000000, 0x0000000800000000)
  eden space 454656K, 0% used [0x00000007d6f00000,0x00000007d6f00000,0x00000007f2b00000)
  from space 78336K, 63% used [0x00000007f2b00000,0x00000007f5b9c4c0,0x00000007f7780000)
  to   space 80896K, 0% used [0x00000007fb100000,0x00000007fb100000,0x0000000800000000)
 ParOldGen       total 149504K, used 114052K [0x0000000784e00000, 0x000000078e000000, 0x00000007d6f00000)
  object space 149504K, 76% used [0x0000000784e00000,0x000000078bd610f0,0x000000078e000000)
 PSPermGen       total 48640K, used 45487K [0x000000077fc00000, 0x0000000782b80000, 0x0000000784e00000)
  object space 48640K, 93% used [0x000000077fc00000,0x000000078286bc00,0x0000000782b80000)
}
Event: 1725.553 GC heap before
{Heap before GC invocations=15 (full 1):
 PSYoungGen      total 532992K, used 504433K [0x00000007d6f00000, 0x0000000800000000, 0x0000000800000000)
  eden space 454656K, 100% used [0x00000007d6f00000,0x00000007f2b00000,0x00000007f2b00000)
  from space 78336K, 63% used [0x00000007f2b00000,0x00000007f5b9c4c0,0x00000007f7780000)
  to   space 80896K, 0% used [0x00000007fb100000,0x00000007fb100000,0x0000000800000000)
 ParOldGen       total 149504K, used 114059K [0x0000000784e00000, 0x000000078e000000, 0x00000007d6f00000)
  object space 149504K, 76% used [0x0000000784e00000,0x000000078bd62cb0,0x000000078e000000)
 PSPermGen       total 48640K, used 45501K [0x000000077fc00000, 0x0000000782b80000, 0x0000000784e00000)
  object space 48640K, 93% used [0x000000077fc00000,0x000000078286f6b0,0x0000000782b80000)
Event: 1725.768 GC heap after
Heap after GC invocations=15 (full 1):
 PSYoungGen      total 538624K, used 80878K [0x00000007d6f00000, 0x0000000800000000, 0x0000000800000000)
  eden space 457728K, 0% used [0x00000007d6f00000,0x00000007d6f00000,0x00000007f2e00000)
  from space 80896K, 99% used [0x00000007fb100000,0x00000007ffffba88,0x0000000800000000)
  to   space 107520K, 0% used [0x00000007f2e00000,0x00000007f2e00000,0x00000007f9700000)
 ParOldGen       total 151040K, used 150750K [0x0000000784e00000, 0x000000078e180000, 0x00000007d6f00000)
  object space 151040K, 99% used [0x0000000784e00000,0x000000078e137bb0,0x000000078e180000)
 PSPermGen       total 48640K, used 45501K [0x000000077fc00000, 0x0000000782b80000, 0x0000000784e00000)
  object space 48640K, 93% used [0x000000077fc00000,0x000000078286f6b0,0x0000000782b80000)
}
Event: 1725.768 GC heap before
{Heap before GC invocations=16 (full 2):
 PSYoungGen      total 538624K, used 80878K [0x00000007d6f00000, 0x0000000800000000, 0x0000000800000000)
  eden space 457728K, 0% used [0x00000007d6f00000,0x00000007d6f00000,0x00000007f2e00000)
  from space 80896K, 99% used [0x00000007fb100000,0x00000007ffffba88,0x0000000800000000)
  to   space 107520K, 0% used [0x00000007f2e00000,0x00000007f2e00000,0x00000007f9700000)
 ParOldGen       total 151040K, used 150750K [0x0000000784e00000, 0x000000078e180000, 0x00000007d6f00000)
  object space 151040K, 99% used [0x0000000784e00000,0x000000078e137bb0,0x000000078e180000)
 PSPermGen       total 48640K, used 45501K [0x000000077fc00000, 0x0000000782b80000, 0x0000000784e00000)
  object space 48640K, 93% used [0x000000077fc00000,0x000000078286f6b0,0x0000000782b80000)
Event: 1726.532 GC heap after
Heap after GC invocations=16 (full 2):
 PSYoungGen      total 538624K, used 0K [0x00000007d6f00000, 0x0000000800000000, 0x0000000800000000)
  eden space 457728K, 0% used [0x00000007d6f00000,0x00000007d6f00000,0x00000007f2e00000)
  from space 80896K, 0% used [0x00000007fb100000,0x00000007fb100000,0x0000000800000000)
  to   space 107520K, 0% used [0x00000007f2e00000,0x00000007f2e00000,0x00000007f9700000)
 ParOldGen       total 233984K, used 143264K [0x0000000784e00000, 0x0000000793280000, 0x00000007d6f00000)
  object space 233984K, 61% used [0x0000000784e00000,0x000000078d9e8210,0x0000000793280000)
 PSPermGen       total 70656K, used 45481K [0x000000077fc00000, 0x0000000784100000, 0x0000000784e00000)
  object space 70656K, 64% used [0x000000077fc00000,0x000000078286a488,0x0000000784100000)
}

